<?xml version="1.0" encoding="UTF-8"?>
<!-- Generated by org.testng.reporters.JUnitReportReporter -->
<testsuite hostname="LAPTOP-BO5I1FTR" failures="3" tests="22" name="runners.TestNGApiRunner" time="2.805" errors="18" timestamp="2025-07-15T15:25:03 IST" skipped="0">
  <testcase classname="runners.TestNGApiRunner" name="runScenario" time="0.015">
    <error message="The step &#039;I send a POST request to &quot;/users&quot;&#039; is undefined.
You can implement this step using the snippet(s) below:

@When(&quot;I send a POST request to {string}&quot;)
public void i_send_a_post_request_to(String string) {
    // Write code here that turns the phrase above into concrete actions
    throw new io.cucumber.java.PendingException();
}
" type="io.cucumber.testng.UndefinedStepException">
      <![CDATA[io.cucumber.testng.UndefinedStepException: The step 'I send a POST request to "/users"' is undefined.
You can implement this step using the snippet(s) below:

@When("I send a POST request to {string}")
public void i_send_a_post_request_to(String string) {
    // Write code here that turns the phrase above into concrete actions
    throw new io.cucumber.java.PendingException();
}

at ✽.I send a POST request to "/users"(file:///C:/Users/saurabh%20yadav/Downloads/Myproject/Myproject/Myproject/src/test/resources/features/api/user_crud.feature:93)
]]>
    </error>
  </testcase> <!-- runScenario -->
  <testcase classname="runners.TestNGApiRunner" name="runScenario" time="0.020">
    <error message="The step &#039;I send a DELETE request to &quot;/users/{id}&quot; for the created user&#039; is undefined.
You can implement this step using the snippet(s) below:

@When(&quot;I send a DELETE request to {string} for the created user&quot;)
public void i_send_a_delete_request_to_for_the_created_user(String string) {
    // Write code here that turns the phrase above into concrete actions
    throw new io.cucumber.java.PendingException();
}
" type="io.cucumber.testng.UndefinedStepException">
      <![CDATA[io.cucumber.testng.UndefinedStepException: The step 'I send a DELETE request to "/users/{id}" for the created user' is undefined.
You can implement this step using the snippet(s) below:

@When("I send a DELETE request to {string} for the created user")
public void i_send_a_delete_request_to_for_the_created_user(String string) {
    // Write code here that turns the phrase above into concrete actions
    throw new io.cucumber.java.PendingException();
}

at ✽.I send a DELETE request to "/users/{id}" for the created user(file:///C:/Users/saurabh%20yadav/Downloads/Myproject/Myproject/Myproject/src/test/resources/features/api/user_crud.feature:70)
]]>
    </error>
  </testcase> <!-- runScenario -->
  <testcase classname="runners.TestNGApiRunner" name="runScenario" time="0.021">
    <error message="The step &#039;I send a POST request to &quot;/users&quot;&#039; is undefined.
You can implement this step using the snippet(s) below:

@When(&quot;I send a POST request to {string}&quot;)
public void i_send_a_post_request_to(String string) {
    // Write code here that turns the phrase above into concrete actions
    throw new io.cucumber.java.PendingException();
}
" type="io.cucumber.testng.UndefinedStepException">
      <![CDATA[io.cucumber.testng.UndefinedStepException: The step 'I send a POST request to "/users"' is undefined.
You can implement this step using the snippet(s) below:

@When("I send a POST request to {string}")
public void i_send_a_post_request_to(String string) {
    // Write code here that turns the phrase above into concrete actions
    throw new io.cucumber.java.PendingException();
}

at ✽.I send a POST request to "/users"(file:///C:/Users/saurabh%20yadav/Downloads/Myproject/Myproject/Myproject/src/test/resources/features/api/user_crud.feature:57)
]]>
    </error>
  </testcase> <!-- runScenario -->
  <testcase classname="runners.TestNGApiRunner" name="runScenario" time="0.021">
    <error message="The step &#039;I send a POST request to &quot;/users&quot;&#039; is undefined.
You can implement this step using the snippet(s) below:

@When(&quot;I send a POST request to {string}&quot;)
public void i_send_a_post_request_to(String string) {
    // Write code here that turns the phrase above into concrete actions
    throw new io.cucumber.java.PendingException();
}
" type="io.cucumber.testng.UndefinedStepException">
      <![CDATA[io.cucumber.testng.UndefinedStepException: The step 'I send a POST request to "/users"' is undefined.
You can implement this step using the snippet(s) below:

@When("I send a POST request to {string}")
public void i_send_a_post_request_to(String string) {
    // Write code here that turns the phrase above into concrete actions
    throw new io.cucumber.java.PendingException();
}

at ✽.I send a POST request to "/users"(file:///C:/Users/saurabh%20yadav/Downloads/Myproject/Myproject/Myproject/src/test/resources/features/api/user_crud.feature:88)
]]>
    </error>
  </testcase> <!-- runScenario -->
  <testcase classname="runners.TestNGApiRunner" name="runScenario" time="0.077"/>
  <testcase classname="runners.TestNGApiRunner" name="runScenario" time="0.021">
    <error message="The step &#039;I send a POST request to &quot;/users&quot;&#039; is undefined.
You can implement this step using the snippet(s) below:

@When(&quot;I send a POST request to {string}&quot;)
public void i_send_a_post_request_to(String string) {
    // Write code here that turns the phrase above into concrete actions
    throw new io.cucumber.java.PendingException();
}
" type="io.cucumber.testng.UndefinedStepException">
      <![CDATA[io.cucumber.testng.UndefinedStepException: The step 'I send a POST request to "/users"' is undefined.
You can implement this step using the snippet(s) below:

@When("I send a POST request to {string}")
public void i_send_a_post_request_to(String string) {
    // Write code here that turns the phrase above into concrete actions
    throw new io.cucumber.java.PendingException();
}

at ✽.I send a POST request to "/users"(file:///C:/Users/saurabh%20yadav/Downloads/Myproject/Myproject/Myproject/src/test/resources/features/api/user_crud.feature:115)
]]>
    </error>
  </testcase> <!-- runScenario -->
  <testcase classname="runners.TestNGApiRunner" name="runScenario" time="0.020">
    <error message="The step &#039;I send a POST request to &quot;/users&quot;&#039; is undefined.
You can implement this step using the snippet(s) below:

@When(&quot;I send a POST request to {string}&quot;)
public void i_send_a_post_request_to(String string) {
    // Write code here that turns the phrase above into concrete actions
    throw new io.cucumber.java.PendingException();
}
" type="io.cucumber.testng.UndefinedStepException">
      <![CDATA[io.cucumber.testng.UndefinedStepException: The step 'I send a POST request to "/users"' is undefined.
You can implement this step using the snippet(s) below:

@When("I send a POST request to {string}")
public void i_send_a_post_request_to(String string) {
    // Write code here that turns the phrase above into concrete actions
    throw new io.cucumber.java.PendingException();
}

at ✽.I send a POST request to "/users"(file:///C:/Users/saurabh%20yadav/Downloads/Myproject/Myproject/Myproject/src/test/resources/features/api/user_crud.feature:40)
]]>
    </error>
  </testcase> <!-- runScenario -->
  <testcase classname="runners.TestNGApiRunner" name="runScenario" time="0.017">
    <error message="The step &#039;I send a POST request to &quot;/users&quot;&#039; is undefined.
You can implement this step using the snippet(s) below:

@When(&quot;I send a POST request to {string}&quot;)
public void i_send_a_post_request_to(String string) {
    // Write code here that turns the phrase above into concrete actions
    throw new io.cucumber.java.PendingException();
}
" type="io.cucumber.testng.UndefinedStepException">
      <![CDATA[io.cucumber.testng.UndefinedStepException: The step 'I send a POST request to "/users"' is undefined.
You can implement this step using the snippet(s) below:

@When("I send a POST request to {string}")
public void i_send_a_post_request_to(String string) {
    // Write code here that turns the phrase above into concrete actions
    throw new io.cucumber.java.PendingException();
}

at ✽.I send a POST request to "/users"(file:///C:/Users/saurabh%20yadav/Downloads/Myproject/Myproject/Myproject/src/test/resources/features/api/user_crud.feature:62)
]]>
    </error>
  </testcase> <!-- runScenario -->
  <testcase classname="runners.TestNGApiRunner" name="runScenario" time="0.042">
    <failure message="expected [false] but found [true]" type="java.lang.AssertionError">
      <![CDATA[java.lang.AssertionError: expected [false] but found [true]
at org.testng.Assert.fail(Assert.java:111)
at org.testng.Assert.failNotEquals(Assert.java:1590)
at org.testng.Assert.assertFalse(Assert.java:79)
at org.testng.Assert.assertFalse(Assert.java:89)
at stepdefs.api.UserApiSteps.response_should_not_contain(UserApiSteps.java:124)
at ✽.Response should not contain "Vikash"(file:///C:/Users/saurabh%20yadav/Downloads/Myproject/Myproject/Myproject/src/test/resources/features/api/user_crud.feature:111)
]]>
    </failure>
  </testcase> <!-- runScenario -->
  <testcase classname="runners.TestNGApiRunner" name="runScenario" time="0.020">
    <error message="The step &#039;I send a DELETE request to &quot;/users/{id}&quot; for the created user&#039; is undefined.
You can implement this step using the snippet(s) below:

@When(&quot;I send a DELETE request to {string} for the created user&quot;)
public void i_send_a_delete_request_to_for_the_created_user(String string) {
    // Write code here that turns the phrase above into concrete actions
    throw new io.cucumber.java.PendingException();
}
" type="io.cucumber.testng.UndefinedStepException">
      <![CDATA[io.cucumber.testng.UndefinedStepException: The step 'I send a DELETE request to "/users/{id}" for the created user' is undefined.
You can implement this step using the snippet(s) below:

@When("I send a DELETE request to {string} for the created user")
public void i_send_a_delete_request_to_for_the_created_user(String string) {
    // Write code here that turns the phrase above into concrete actions
    throw new io.cucumber.java.PendingException();
}

at ✽.I send a DELETE request to "/users/{id}" for the created user(file:///C:/Users/saurabh%20yadav/Downloads/Myproject/Myproject/Myproject/src/test/resources/features/api/user_crud.feature:21)
]]>
    </error>
  </testcase> <!-- runScenario -->
  <testcase classname="runners.TestNGApiRunner" name="runScenario" time="0.020">
    <error message="The step &#039;I send a POST request to &quot;/users&quot;&#039; is undefined.
You can implement this step using the snippet(s) below:

@When(&quot;I send a POST request to {string}&quot;)
public void i_send_a_post_request_to(String string) {
    // Write code here that turns the phrase above into concrete actions
    throw new io.cucumber.java.PendingException();
}
" type="io.cucumber.testng.UndefinedStepException">
      <![CDATA[io.cucumber.testng.UndefinedStepException: The step 'I send a POST request to "/users"' is undefined.
You can implement this step using the snippet(s) below:

@When("I send a POST request to {string}")
public void i_send_a_post_request_to(String string) {
    // Write code here that turns the phrase above into concrete actions
    throw new io.cucumber.java.PendingException();
}

at ✽.I send a POST request to "/users"(file:///C:/Users/saurabh%20yadav/Downloads/Myproject/Myproject/Myproject/src/test/resources/features/api/user_crud.feature:33)
]]>
    </error>
  </testcase> <!-- runScenario -->
  <testcase classname="runners.TestNGApiRunner" name="runScenario" time="1.890">
    <failure message="expected [200] but found [404]" type="java.lang.AssertionError">
      <![CDATA[java.lang.AssertionError: expected [200] but found [404]
at org.testng.Assert.fail(Assert.java:111)
at org.testng.Assert.failNotEquals(Assert.java:1590)
at org.testng.Assert.assertEqualsImpl(Assert.java:150)
at org.testng.Assert.assertEquals(Assert.java:132)
at org.testng.Assert.assertEquals(Assert.java:1431)
at org.testng.Assert.assertEquals(Assert.java:1395)
at org.testng.Assert.assertEquals(Assert.java:1441)
at stepdefs.api.UserApiSteps.response_code_should_be(UserApiSteps.java:114)
at ✽.Response code should be 200(file:///C:/Users/saurabh%20yadav/Downloads/Myproject/Myproject/Myproject/src/test/resources/features/api/user_crud.feature:11)
]]>
    </failure>
  </testcase> <!-- runScenario -->
  <testcase classname="runners.TestNGApiRunner" name="runScenario" time="0.013">
    <error message="The step &#039;I send a DELETE request to &quot;/users/9999&quot; for the created user&#039; is undefined.
You can implement this step using the snippet(s) below:

@When(&quot;I send a DELETE request to {string} for the created user&quot;)
public void i_send_a_delete_request_to_for_the_created_user(String string) {
    // Write code here that turns the phrase above into concrete actions
    throw new io.cucumber.java.PendingException();
}
" type="io.cucumber.testng.UndefinedStepException">
      <![CDATA[io.cucumber.testng.UndefinedStepException: The step 'I send a DELETE request to "/users/9999" for the created user' is undefined.
You can implement this step using the snippet(s) below:

@When("I send a DELETE request to {string} for the created user")
public void i_send_a_delete_request_to_for_the_created_user(String string) {
    // Write code here that turns the phrase above into concrete actions
    throw new io.cucumber.java.PendingException();
}

at ✽.I send a DELETE request to "/users/9999" for the created user(file:///C:/Users/saurabh%20yadav/Downloads/Myproject/Myproject/Myproject/src/test/resources/features/api/user_crud.feature:105)
]]>
    </error>
  </testcase> <!-- runScenario -->
  <testcase classname="runners.TestNGApiRunner" name="runScenario" time="0.023">
    <error message="The step &#039;I send a PUT request to &quot;/users/{id}&quot; with updated name &quot;Vikash Updated&quot; and email &quot;vikash.updated@test.com&quot;&#039; is undefined.
You can implement this step using the snippet(s) below:

@When(&quot;I send a PUT request to {string} with updated name {string} and email {string}&quot;)
public void i_send_a_put_request_to_with_updated_name_and_email(String string, String string2, String string3) {
    // Write code here that turns the phrase above into concrete actions
    throw new io.cucumber.java.PendingException();
}
" type="io.cucumber.testng.UndefinedStepException">
      <![CDATA[io.cucumber.testng.UndefinedStepException: The step 'I send a PUT request to "/users/{id}" with updated name "Vikash Updated" and email "vikash.updated@test.com"' is undefined.
You can implement this step using the snippet(s) below:

@When("I send a PUT request to {string} with updated name {string} and email {string}")
public void i_send_a_put_request_to_with_updated_name_and_email(String string, String string2, String string3) {
    // Write code here that turns the phrase above into concrete actions
    throw new io.cucumber.java.PendingException();
}

at ✽.I send a PUT request to "/users/{id}" with updated name "Vikash Updated" and email "vikash.updated@test.com"(file:///C:/Users/saurabh%20yadav/Downloads/Myproject/Myproject/Myproject/src/test/resources/features/api/user_crud.feature:16)
]]>
    </error>
  </testcase> <!-- runScenario -->
  <testcase classname="runners.TestNGApiRunner" name="runScenario" time="0.020">
    <error message="The step &#039;I send a POST request to &quot;/users&quot;&#039; is undefined.
You can implement this step using the snippet(s) below:

@When(&quot;I send a POST request to {string}&quot;)
public void i_send_a_post_request_to(String string) {
    // Write code here that turns the phrase above into concrete actions
    throw new io.cucumber.java.PendingException();
}
" type="io.cucumber.testng.UndefinedStepException">
      <![CDATA[io.cucumber.testng.UndefinedStepException: The step 'I send a POST request to "/users"' is undefined.
You can implement this step using the snippet(s) below:

@When("I send a POST request to {string}")
public void i_send_a_post_request_to(String string) {
    // Write code here that turns the phrase above into concrete actions
    throw new io.cucumber.java.PendingException();
}

at ✽.I send a POST request to "/users"(file:///C:/Users/saurabh%20yadav/Downloads/Myproject/Myproject/Myproject/src/test/resources/features/api/user_crud.feature:83)
]]>
    </error>
  </testcase> <!-- runScenario -->
  <testcase classname="runners.TestNGApiRunner" name="runScenario" time="0.018">
    <error message="The step &#039;I send a POST request to &quot;/users&quot;&#039; is undefined.
You can implement this step using the snippet(s) below:

@When(&quot;I send a POST request to {string}&quot;)
public void i_send_a_post_request_to(String string) {
    // Write code here that turns the phrase above into concrete actions
    throw new io.cucumber.java.PendingException();
}
" type="io.cucumber.testng.UndefinedStepException">
      <![CDATA[io.cucumber.testng.UndefinedStepException: The step 'I send a POST request to "/users"' is undefined.
You can implement this step using the snippet(s) below:

@When("I send a POST request to {string}")
public void i_send_a_post_request_to(String string) {
    // Write code here that turns the phrase above into concrete actions
    throw new io.cucumber.java.PendingException();
}

at ✽.I send a POST request to "/users"(file:///C:/Users/saurabh%20yadav/Downloads/Myproject/Myproject/Myproject/src/test/resources/features/api/user_crud.feature:77)
]]>
    </error>
  </testcase> <!-- runScenario -->
  <testcase classname="runners.TestNGApiRunner" name="runScenario" time="0.015">
    <error message="The step &#039;I send a PUT request to &quot;/users/9999&quot; with updated name &quot;Invalid Update&quot;, and email &quot;invalid.update@test.com&quot;&#039; is undefined.
You can implement this step using the snippet(s) below:

@When(&quot;I send a PUT request to {string} with updated name {string}, and email {string}&quot;)
public void i_send_a_put_request_to_with_updated_name_and_email(String string, String string2, String string3) {
    // Write code here that turns the phrase above into concrete actions
    throw new io.cucumber.java.PendingException();
}
" type="io.cucumber.testng.UndefinedStepException">
      <![CDATA[io.cucumber.testng.UndefinedStepException: The step 'I send a PUT request to "/users/9999" with updated name "Invalid Update", and email "invalid.update@test.com"' is undefined.
You can implement this step using the snippet(s) below:

@When("I send a PUT request to {string} with updated name {string}, and email {string}")
public void i_send_a_put_request_to_with_updated_name_and_email(String string, String string2, String string3) {
    // Write code here that turns the phrase above into concrete actions
    throw new io.cucumber.java.PendingException();
}

at ✽.I send a PUT request to "/users/9999" with updated name "Invalid Update", and email "invalid.update@test.com"(file:///C:/Users/saurabh%20yadav/Downloads/Myproject/Myproject/Myproject/src/test/resources/features/api/user_crud.feature:97)
]]>
    </error>
  </testcase> <!-- runScenario -->
  <testcase classname="runners.TestNGApiRunner" name="runScenario" time="0.429">
    <error message="The step &#039;I send a POST request to &quot;/users&quot;&#039; is undefined.
You can implement this step using the snippet(s) below:

@When(&quot;I send a POST request to {string}&quot;)
public void i_send_a_post_request_to(String string) {
    // Write code here that turns the phrase above into concrete actions
    throw new io.cucumber.java.PendingException();
}
" type="io.cucumber.testng.UndefinedStepException">
      <![CDATA[io.cucumber.testng.UndefinedStepException: The step 'I send a POST request to "/users"' is undefined.
You can implement this step using the snippet(s) below:

@When("I send a POST request to {string}")
public void i_send_a_post_request_to(String string) {
    // Write code here that turns the phrase above into concrete actions
    throw new io.cucumber.java.PendingException();
}

at ✽.I send a POST request to "/users"(file:///C:/Users/saurabh%20yadav/Downloads/Myproject/Myproject/Myproject/src/test/resources/features/api/user_crud.feature:5)
]]>
    </error>
  </testcase> <!-- runScenario -->
  <testcase classname="runners.TestNGApiRunner" name="runScenario" time="0.015">
    <error message="The step &#039;I send a PUT request to &quot;/users/{id}&quot; with updated name &quot;Invalid Email&quot;, and email &quot;notanemail&quot;&#039; is undefined.
You can implement this step using the snippet(s) below:

@When(&quot;I send a PUT request to {string} with updated name {string}, and email {string}&quot;)
public void i_send_a_put_request_to_with_updated_name_and_email(String string, String string2, String string3) {
    // Write code here that turns the phrase above into concrete actions
    throw new io.cucumber.java.PendingException();
}
" type="io.cucumber.testng.UndefinedStepException">
      <![CDATA[io.cucumber.testng.UndefinedStepException: The step 'I send a PUT request to "/users/{id}" with updated name "Invalid Email", and email "notanemail"' is undefined.
You can implement this step using the snippet(s) below:

@When("I send a PUT request to {string} with updated name {string}, and email {string}")
public void i_send_a_put_request_to_with_updated_name_and_email(String string, String string2, String string3) {
    // Write code here that turns the phrase above into concrete actions
    throw new io.cucumber.java.PendingException();
}

at ✽.I send a PUT request to "/users/{id}" with updated name "Invalid Email", and email "notanemail"(file:///C:/Users/saurabh%20yadav/Downloads/Myproject/Myproject/Myproject/src/test/resources/features/api/user_crud.feature:101)
]]>
    </error>
  </testcase> <!-- runScenario -->
  <testcase classname="runners.TestNGApiRunner" name="runScenario" time="0.017">
    <error message="The step &#039;I send a POST request to &quot;/users&quot;&#039; is undefined.
You can implement this step using the snippet(s) below:

@When(&quot;I send a POST request to {string}&quot;)
public void i_send_a_post_request_to(String string) {
    // Write code here that turns the phrase above into concrete actions
    throw new io.cucumber.java.PendingException();
}
" type="io.cucumber.testng.UndefinedStepException">
      <![CDATA[io.cucumber.testng.UndefinedStepException: The step 'I send a POST request to "/users"' is undefined.
You can implement this step using the snippet(s) below:

@When("I send a POST request to {string}")
public void i_send_a_post_request_to(String string) {
    // Write code here that turns the phrase above into concrete actions
    throw new io.cucumber.java.PendingException();
}

at ✽.I send a POST request to "/users"(file:///C:/Users/saurabh%20yadav/Downloads/Myproject/Myproject/Myproject/src/test/resources/features/api/user_crud.feature:52)
]]>
    </error>
  </testcase> <!-- runScenario -->
  <testcase classname="runners.TestNGApiRunner" name="runScenario" time="0.040">
    <failure message="Expected error message not found: User not found expected [true] but found [false]" type="java.lang.AssertionError">
      <![CDATA[java.lang.AssertionError: Expected error message not found: User not found expected [true] but found [false]
at org.testng.Assert.fail(Assert.java:111)
at org.testng.Assert.failNotEquals(Assert.java:1590)
at org.testng.Assert.assertTrue(Assert.java:57)
at stepdefs.api.UserApiSteps.response_should_have_error_message(UserApiSteps.java:141)
at ✽.Response should have error message "User not found"(file:///C:/Users/saurabh%20yadav/Downloads/Myproject/Myproject/Myproject/src/test/resources/features/api/user_crud.feature:28)
]]>
    </failure>
  </testcase> <!-- runScenario -->
  <testcase classname="runners.TestNGApiRunner" name="runScenario" time="0.031">
    <error message="The step &#039;I send a PUT request to &quot;/users/{id}&quot; with updated name &quot;Vikash&quot;, and email &quot;vikash.new@test.com&quot;&#039; is undefined.
You can implement this step using the snippet(s) below:

@When(&quot;I send a PUT request to {string} with updated name {string}, and email {string}&quot;)
public void i_send_a_put_request_to_with_updated_name_and_email(String string, String string2, String string3) {
    // Write code here that turns the phrase above into concrete actions
    throw new io.cucumber.java.PendingException();
}
" type="io.cucumber.testng.UndefinedStepException">
      <![CDATA[io.cucumber.testng.UndefinedStepException: The step 'I send a PUT request to "/users/{id}" with updated name "Vikash", and email "vikash.new@test.com"' is undefined.
You can implement this step using the snippet(s) below:

@When("I send a PUT request to {string} with updated name {string}, and email {string}")
public void i_send_a_put_request_to_with_updated_name_and_email(String string, String string2, String string3) {
    // Write code here that turns the phrase above into concrete actions
    throw new io.cucumber.java.PendingException();
}

at ✽.I send a PUT request to "/users/{id}" with updated name "Vikash", and email "vikash.new@test.com"(file:///C:/Users/saurabh%20yadav/Downloads/Myproject/Myproject/Myproject/src/test/resources/features/api/user_crud.feature:66)
]]>
    </error>
  </testcase> <!-- runScenario -->
</testsuite> <!-- runners.TestNGApiRunner -->
